[debug] ----------------------------------------------------------------------
[debug] Command:      /usr/local/Cellar/node/5.0.0/bin/node /usr/local/bin/firebase deploy
[debug] Platform:     darwin
[debug] Node Version: v5.0.0
[debug] Time:         Wed Dec 09 2015 14:18:43 GMT-0700 (MST)
[debug] ----------------------------------------------------------------------
[debug] 
[debug] >>> HTTP REQUEST GET https://admin.firebase.com/firebase/playlist-june-shaw/token?token=XXX 
[debug] Error: connect ECONNREFUSED 104.197.85.31:443
    at Object.exports._errnoException (util.js:860:11)
    at exports._exceptionWithHostPort (util.js:883:20)
    at TCPConnectWrap.afterConnect [as oncomplete] (net.js:1063:14)
[error] 
[error] Error: Server Error. Please try again in a few minutes.
[debug] Error Context: {
  "requestOptions": {
    "method": "GET",
    "json": true,
    "url": "https://admin.firebase.com/firebase/playlist-june-shaw/token?token=-K4ZRFUqF2txY_6WBWTy%7Cd920736692b90f3a4bf29c5e9331fe61"
  }
}
[debug] ----------------------------------------------------------------------
[debug] Command:      /usr/local/Cellar/node/5.0.0/bin/node /usr/local/bin/firebase deploy
[debug] Platform:     darwin
[debug] Node Version: v5.0.0
[debug] Time:         Wed Dec 09 2015 14:18:54 GMT-0700 (MST)
[debug] ----------------------------------------------------------------------
[debug] 
[debug] >>> HTTP REQUEST GET https://admin.firebase.com/firebase/playlist-june-shaw/token?token=XXX 
[debug] Error: connect ECONNREFUSED 104.197.85.31:443
    at Object.exports._errnoException (util.js:860:11)
    at exports._exceptionWithHostPort (util.js:883:20)
    at TCPConnectWrap.afterConnect [as oncomplete] (net.js:1063:14)
[error] 
[error] Error: Server Error. Please try again in a few minutes.
[debug] Error Context: {
  "requestOptions": {
    "method": "GET",
    "json": true,
    "url": "https://admin.firebase.com/firebase/playlist-june-shaw/token?token=-K4ZRFUqF2txY_6WBWTy%7Cd920736692b90f3a4bf29c5e9331fe61"
  }
}
[debug] ----------------------------------------------------------------------
[debug] Command:      /usr/local/Cellar/node/5.0.0/bin/node /usr/local/bin/firebase deploy
[debug] Platform:     darwin
[debug] Node Version: v5.0.0
[debug] Time:         Wed Dec 09 2015 14:23:19 GMT-0700 (MST)
[debug] ----------------------------------------------------------------------
[debug] 
[debug] >>> HTTP REQUEST GET https://admin.firebase.com/firebase/playlist-june-shaw/token?token=XXX 
[debug] Error: connect ECONNREFUSED 104.197.85.31:443
    at Object.exports._errnoException (util.js:860:11)
    at exports._exceptionWithHostPort (util.js:883:20)
    at TCPConnectWrap.afterConnect [as oncomplete] (net.js:1063:14)
[error] 
[error] Error: Server Error. Please try again in a few minutes.
[debug] Error Context: {
  "requestOptions": {
    "method": "GET",
    "json": true,
    "url": "https://admin.firebase.com/firebase/playlist-june-shaw/token?token=-K4ZRFUqF2txY_6WBWTy%7Cd920736692b90f3a4bf29c5e9331fe61"
  }
}
[debug] ----------------------------------------------------------------------
[debug] Command:      /usr/local/Cellar/node/5.0.0/bin/node /usr/local/bin/firebase deploy
[debug] Platform:     darwin
[debug] Node Version: v5.0.0
[debug] Time:         Wed Dec 09 2015 14:28:08 GMT-0700 (MST)
[debug] ----------------------------------------------------------------------
[debug] 
[debug] >>> HTTP REQUEST GET https://admin.firebase.com/firebase/playlist-june-shaw/token?token=XXX 
[debug] Error: connect ECONNREFUSED 104.197.85.31:443
    at Object.exports._errnoException (util.js:860:11)
    at exports._exceptionWithHostPort (util.js:883:20)
    at TCPConnectWrap.afterConnect [as oncomplete] (net.js:1063:14)
[error] 
[error] Error: Server Error. Please try again in a few minutes.
[debug] Error Context: {
  "requestOptions": {
    "method": "GET",
    "json": true,
    "url": "https://admin.firebase.com/firebase/playlist-june-shaw/token?token=-K4ZRFUqF2txY_6WBWTy%7Cd920736692b90f3a4bf29c5e9331fe61"
  }
}
